Using pre-set license
Built from '2020.3/staging' branch; Version is '2020.3.8f1 (507919d4fff5) revision 5273881'; Using compiler version '192528614'; Build Type 'Release'
OS: 'Windows 10 Home Single Language; OS build 22000.493; Version 2009; 64bit' Language: 'pt' Physical Memory: 8013 MB
BatchMode: 1, IsHumanControllingUs: 0, StartBugReporterOnCrash: 0, Is64bit: 1, IsPro: 0

 COMMAND LINE ARGUMENTS:
C:\Program Files\Unity\Hub\Editor\2020.3.8f1\Editor\Unity.exe
-adb2
-batchMode
-noUpm
-name
AssetImportWorker0
-projectPath
C:/Users/clara/Documents/Faculdade/jogos-digitais
-logFile
Logs/AssetImportWorker0.log
-srvPort
54366
Successfully changed project path to: C:/Users/clara/Documents/Faculdade/jogos-digitais
C:/Users/clara/Documents/Faculdade/jogos-digitais
Using Asset Import Pipeline V2.
Refreshing native plugins compatible for Editor in 33.98 ms, found 1 plugins.
Preloading 0 native plugins for Editor in 0.00 ms.
Initialize engine version: 2020.3.8f1 (507919d4fff5)
[Subsystems] Discovering subsystems at path C:/Program Files/Unity/Hub/Editor/2020.3.8f1/Editor/Data/Resources/UnitySubsystems
[Subsystems] Discovering subsystems at path C:/Users/clara/Documents/Faculdade/jogos-digitais/Assets
GfxDevice: creating device client; threaded=0
Direct3D:
    Version:  Direct3D 11.0 [level 11.1]
    Renderer: Microsoft Basic Render Driver (ID=0x8c)
    Vendor:   
    VRAM:     4006 MB
Initialize mono
Mono path[0] = 'C:/Program Files/Unity/Hub/Editor/2020.3.8f1/Editor/Data/Managed'
Mono path[1] = 'C:/Program Files/Unity/Hub/Editor/2020.3.8f1/Editor/Data/MonoBleedingEdge/lib/mono/unityjit'
Mono config path = 'C:/Program Files/Unity/Hub/Editor/2020.3.8f1/Editor/Data/MonoBleedingEdge/etc'
Using monoOptions --debugger-agent=transport=dt_socket,embedding=1,server=y,suspend=n,address=127.0.0.1:56848
Begin MonoManager ReloadAssembly
Registering precompiled unity dll's ...
Register platform support module: C:/Program Files/Unity/Hub/Editor/2020.3.8f1/Editor/Data/PlaybackEngines/WindowsStandaloneSupport/UnityEditor.WindowsStandalone.Extensions.dll
Registered in 0.001353 seconds.
Native extension for WindowsStandalone target not found
Refreshing native plugins compatible for Editor in 37.42 ms, found 1 plugins.
Preloading 0 native plugins for Editor in 0.00 ms.
Mono: successfully reloaded assembly
- Completed reload, in  1.028 seconds
Platform modules already initialized, skipping
Registering precompiled user dll's ...
Registered in 0.000885 seconds.
Begin MonoManager ReloadAssembly
Native extension for WindowsStandalone target not found
Refreshing native plugins compatible for Editor in 34.20 ms, found 1 plugins.
Preloading 0 native plugins for Editor in 0.00 ms.
Mono: successfully reloaded assembly
- Completed reload, in  0.929 seconds
Platform modules already initialized, skipping
========================================================================
Worker process is ready to serve import requests
Launched and connected shader compiler UnityShaderCompiler.exe after 0.04 seconds
Refreshing native plugins compatible for Editor in 0.31 ms, found 1 plugins.
Preloading 0 native plugins for Editor in 0.00 ms.
Unloading 1809 Unused Serialized files (Serialized files now loaded: 0)
System memory in use before: 85.1 MB.
System memory in use after: 85.0 MB.

Unloading 24 unused Assets to reduce memory usage. Loaded Objects now: 2254.
Total: 2.035400 ms (FindLiveObjects: 0.217000 ms CreateObjectMapping: 0.081100 ms MarkObjects: 1.618700 ms  DeleteObjects: 0.116700 ms)

========================================================================
Received Import Request.
  path: Assets/Scenes/Main.unity
  artifactKey: Guid(2ce9c1bb798662d4a84bdcb112c2a932) Importer(815301076,1909f56bfc062723c751e8b465ee728b)
Start importing Assets/Scenes/Main.unity using Guid(2ce9c1bb798662d4a84bdcb112c2a932) Importer(815301076,1909f56bfc062723c751e8b465ee728b)  -> (artifact id: '5ab4acdba5379400d376d58fc331bafc') in 0.015470 seconds
  Import took 0.018072 seconds .

========================================================================
Received Import Request.
  Time since last request: 305.436742 seconds.
  path: Assets/Prefabs/Player.prefab
  artifactKey: Guid(926802291901beb4582ecf6fc6ef8567) Importer(815301076,1909f56bfc062723c751e8b465ee728b)
Start importing Assets/Prefabs/Player.prefab using Guid(926802291901beb4582ecf6fc6ef8567) Importer(815301076,1909f56bfc062723c751e8b465ee728b)  -> (artifact id: '1611a2f0e163863fdd7525458f042378') in 0.097139 seconds
  Import took 0.111060 seconds .

========================================================================
Received Import Request.
  Time since last request: 96.987062 seconds.
  path: Assets/Prefabs/Player.prefab
  artifactKey: Guid(926802291901beb4582ecf6fc6ef8567) Importer(815301076,1909f56bfc062723c751e8b465ee728b)
Start importing Assets/Prefabs/Player.prefab using Guid(926802291901beb4582ecf6fc6ef8567) Importer(815301076,1909f56bfc062723c751e8b465ee728b)  -> (artifact id: '9a6d0917ee02cbb61c611e385c178a32') in 0.062661 seconds
  Import took 0.070184 seconds .

========================================================================
Received Import Request.
  Time since last request: 111.400048 seconds.
  path: Assets/Prefabs/Player.prefab
  artifactKey: Guid(926802291901beb4582ecf6fc6ef8567) Importer(815301076,1909f56bfc062723c751e8b465ee728b)
Start importing Assets/Prefabs/Player.prefab using Guid(926802291901beb4582ecf6fc6ef8567) Importer(815301076,1909f56bfc062723c751e8b465ee728b)  -> (artifact id: '21853b406d1cca37ae7941165057fbe8') in 0.042292 seconds
  Import took 0.047391 seconds .

========================================================================
Received Import Request.
  Time since last request: 11.769455 seconds.
  path: Assets/Scenes/Game.unity
  artifactKey: Guid(2cda990e2423bbf4892e6590ba056729) Importer(815301076,1909f56bfc062723c751e8b465ee728b)
Start importing Assets/Scenes/Game.unity using Guid(2cda990e2423bbf4892e6590ba056729) Importer(815301076,1909f56bfc062723c751e8b465ee728b)  -> (artifact id: '4c07b730f866bb535c141c1902ab299d') in 0.015911 seconds
  Import took 0.020836 seconds .

========================================================================
Received Import Request.
  Time since last request: 0.046783 seconds.
  path: Assets/Scenes/Game.unity
  artifactKey: Guid(2cda990e2423bbf4892e6590ba056729) Importer(815301076,1909f56bfc062723c751e8b465ee728b)
Start importing Assets/Scenes/Game.unity using Guid(2cda990e2423bbf4892e6590ba056729) Importer(815301076,1909f56bfc062723c751e8b465ee728b)  -> (artifact id: '4c07b730f866bb535c141c1902ab299d') in 0.009767 seconds
  Import took 0.021111 seconds .

========================================================================
Received Import Request.
  Time since last request: 108.638288 seconds.
  path: Assets/Scenes/Main.unity
  artifactKey: Guid(2ce9c1bb798662d4a84bdcb112c2a932) Importer(815301076,1909f56bfc062723c751e8b465ee728b)
Start importing Assets/Scenes/Main.unity using Guid(2ce9c1bb798662d4a84bdcb112c2a932) Importer(815301076,1909f56bfc062723c751e8b465ee728b)  -> (artifact id: '539143530c8af014e666763f6de170e2') in 0.013703 seconds
  Import took 0.022150 seconds .

========================================================================
Received Import Request.
  Time since last request: 0.048576 seconds.
  path: Assets/Scenes/Main.unity
  artifactKey: Guid(2ce9c1bb798662d4a84bdcb112c2a932) Importer(815301076,1909f56bfc062723c751e8b465ee728b)
Start importing Assets/Scenes/Main.unity using Guid(2ce9c1bb798662d4a84bdcb112c2a932) Importer(815301076,1909f56bfc062723c751e8b465ee728b)  -> (artifact id: '539143530c8af014e666763f6de170e2') in 0.007761 seconds
  Import took 0.022793 seconds .

========================================================================
Received Import Request.
  Time since last request: 2.151100 seconds.
  path: Assets/Scenes/Game.unity
  artifactKey: Guid(2cda990e2423bbf4892e6590ba056729) Importer(815301076,1909f56bfc062723c751e8b465ee728b)
Start importing Assets/Scenes/Game.unity using Guid(2cda990e2423bbf4892e6590ba056729) Importer(815301076,1909f56bfc062723c751e8b465ee728b)  -> (artifact id: '55a567d5da75adac0cfef9c55fbc5a86') in 0.009315 seconds
  Import took 0.020387 seconds .

========================================================================
Received Import Request.
  Time since last request: 0.015522 seconds.
  path: Assets/Scenes/Game.unity
  artifactKey: Guid(2cda990e2423bbf4892e6590ba056729) Importer(815301076,1909f56bfc062723c751e8b465ee728b)
Start importing Assets/Scenes/Game.unity using Guid(2cda990e2423bbf4892e6590ba056729) Importer(815301076,1909f56bfc062723c751e8b465ee728b)  -> (artifact id: '55a567d5da75adac0cfef9c55fbc5a86') in 0.008289 seconds
  Import took 0.022161 seconds .

